Base path: D:/Unity5.6.1/Unity/Editor/Data
Cmd: initializeCompiler
Cmd: preprocess
  insize=1520 outsize=367 ok=1
Cmd: preprocess
  insize=670 outsize=333 ok=1
Cmd: preprocess
  insize=2731 outsize=452 ok=1
Cmd: preprocess
  insize=1535 outsize=368 ok=1
Cmd: preprocess
  insize=1509 outsize=348 ok=1
Cmd: preprocess
  insize=1498 outsize=292 ok=1
Cmd: preprocess
  insize=2750 outsize=453 ok=1
Cmd: preprocess
  insize=1298 outsize=304 ok=1
Cmd: preprocess
  insize=20812 outsize=2841 ok=1
Cmd: preprocess
  insize=1738 outsize=403 ok=1
Cmd: preprocess
  insize=1933 outsize=898 ok=1
Cmd: preprocess
  insize=1290 outsize=296 ok=1
Cmd: preprocess
  insize=1396 outsize=326 ok=1
Cmd: preprocess
  insize=1514 outsize=362 ok=1
Cmd: preprocess
  insize=1666 outsize=376 ok=1
Cmd: preprocess
  insize=2067 outsize=460 ok=1
Cmd: preprocess
  insize=2125 outsize=456 ok=1
Cmd: preprocess
  insize=4028 outsize=2406 ok=1
Cmd: preprocess
  insize=1766 outsize=430 ok=1
Cmd: preprocess
  insize=1156 outsize=299 ok=1
Cmd: preprocess
  insize=20294 outsize=3035 ok=1
Cmd: preprocess
  insize=1674 outsize=417 ok=1
Cmd: preprocess
  insize=1539 outsize=366 ok=1
Cmd: preprocess
  insize=1603 outsize=379 ok=1
Cmd: preprocess
  insize=2058 outsize=452 ok=1
Cmd: preprocess
  insize=1469 outsize=297 ok=1
Cmd: preprocess
  insize=1392 outsize=322 ok=1
Cmd: preprocess
  insize=1396 outsize=326 ok=1
Cmd: preprocess
  insize=2103 outsize=452 ok=1
Cmd: preprocess
  insize=1614 outsize=1104 ok=1
Cmd: preprocess
  insize=1392 outsize=322 ok=1
Cmd: preprocess
  insize=1521 outsize=362 ok=1
Cmd: preprocess
  insize=1519 outsize=361 ok=1
Cmd: preprocess
  insize=2923 outsize=461 ok=1
Cmd: preprocess
  insize=1877 outsize=465 ok=1
Cmd: preprocess
  insize=1394 outsize=324 ok=1
Cmd: preprocess
  insize=2207 outsize=374 ok=1
Cmd: preprocess
  insize=1601 outsize=376 ok=1
Cmd: preprocess
  insize=3698 outsize=2355 ok=1
Cmd: preprocess
  insize=1389 outsize=325 ok=1
Cmd: preprocess
  insize=1953 outsize=903 ok=1
Cmd: preprocess
  insize=3745 outsize=2476 ok=1
Cmd: preprocess
  insize=1396 outsize=326 ok=1
Cmd: preprocess
  insize=2611 outsize=632 ok=1
Cmd: preprocess
  insize=1401 outsize=329 ok=1
Cmd: preprocess
  insize=1578 outsize=417 ok=1
Cmd: preprocess
  insize=1634 outsize=394 ok=1
Cmd: preprocess
  insize=1603 outsize=378 ok=1
Cmd: preprocess
  insize=1539 outsize=375 ok=1
Cmd: preprocess
  insize=1565 outsize=409 ok=1
Cmd: preprocess
  insize=6694 outsize=3813 ok=1
Cmd: preprocess
  insize=1664 outsize=403 ok=1
Cmd: preprocess
  insize=787 outsize=264 ok=1
Cmd: preprocess
  insize=2122 outsize=374 ok=1
Cmd: preprocess
  insize=1425 outsize=615 ok=1
Cmd: preprocess
  insize=826 outsize=271 ok=1
Cmd: preprocess
  insize=1396 outsize=325 ok=1
Cmd: preprocess
  insize=12350 outsize=4151 ok=1
Cmd: preprocess
  insize=4260 outsize=2617 ok=1
Cmd: preprocess
  insize=1418 outsize=336 ok=1
Cmd: preprocess
  insize=1142 outsize=295 ok=1
Cmd: preprocess
  insize=1893 outsize=465 ok=1
Cmd: preprocess
  insize=1147 outsize=289 ok=1
Cmd: preprocess
  insize=1882 outsize=469 ok=1
Cmd: preprocess
  insize=1398 outsize=326 ok=1
Cmd: preprocess
  insize=1686 outsize=307 ok=1
Cmd: preprocess
  insize=1759 outsize=435 ok=1
Cmd: preprocess
  insize=1596 outsize=594 ok=1
Cmd: preprocess
  insize=2792 outsize=659 ok=1
Cmd: preprocess
  insize=1512 outsize=359 ok=1
Cmd: preprocess
  insize=12073 outsize=1959 ok=1
Cmd: preprocess
  insize=1631 outsize=395 ok=1
Cmd: preprocess
  insize=5256 outsize=2470 ok=1
Cmd: preprocess
  insize=22382 outsize=3536 ok=1
Cmd: preprocess
  insize=1234 outsize=297 ok=1
Cmd: preprocess
  insize=2254 outsize=883 ok=1
Cmd: preprocess
  insize=1541 outsize=377 ok=1
Cmd: preprocess
  insize=1387 outsize=323 ok=1
Cmd: preprocess
  insize=2417 outsize=933 ok=1
Cmd: preprocess
  insize=11647 outsize=1950 ok=1
Cmd: preprocess
  insize=1639 outsize=395 ok=1
Cmd: preprocess
  insize=1592 outsize=377 ok=1
Cmd: preprocess
  insize=1636 outsize=400 ok=1
Cmd: preprocess
  insize=1659 outsize=297 ok=1
Cmd: preprocess
  insize=1546 outsize=379 ok=1
Cmd: preprocess
  insize=1199 outsize=277 ok=1
Cmd: preprocess
  insize=1392 outsize=323 ok=1
Cmd: preprocess
  insize=1249 outsize=290 ok=1
Cmd: preprocess
  insize=6724 outsize=2013 ok=1
Cmd: preprocess
  insize=1463 outsize=322 ok=1
Cmd: preprocess
  insize=44227 outsize=6754 ok=1
Cmd: preprocess
  insize=1592 outsize=404 ok=1
Cmd: preprocess
  insize=1392 outsize=323 ok=1
Cmd: preprocess
  insize=1291 outsize=297 ok=1
Cmd: preprocess
  insize=1597 outsize=379 ok=1
Cmd: preprocess
  insize=1512 outsize=359 ok=1
Cmd: preprocess
  insize=4443 outsize=420 ok=1
Cmd: preprocess
  insize=6821 outsize=782 ok=1
Cmd: preprocess
  insize=830 outsize=264 ok=1
Cmd: preprocess
  insize=2554 outsize=1744 ok=1
Cmd: preprocess
  insize=1395 outsize=326 ok=1
Cmd: preprocess
  insize=1541 outsize=376 ok=1
Cmd: preprocess
  insize=20281 outsize=4284 ok=1
Cmd: preprocess
  insize=1456 outsize=476 ok=1
Cmd: preprocess
  insize=1404 outsize=329 ok=1
Cmd: preprocess
  insize=1549 outsize=379 ok=1
Cmd: preprocess
  insize=1559 outsize=398 ok=1
Cmd: preprocess
  insize=1512 outsize=360 ok=1
Cmd: preprocess
  insize=1405 outsize=329 ok=1
Cmd: preprocess
  insize=1564 outsize=378 ok=1
Cmd: preprocess
  insize=2736 outsize=456 ok=1
Cmd: preprocess
  insize=1398 outsize=328 ok=1
Cmd: preprocess
  insize=7021 outsize=731 ok=1
Cmd: preprocess
  insize=1997 outsize=505 ok=1
Cmd: preprocess
  insize=25947 outsize=6060 ok=1
Cmd: preprocess
  insize=1532 outsize=360 ok=1
Cmd: preprocess
  insize=4923 outsize=2750 ok=1
Cmd: preprocess
  insize=3891 outsize=782 ok=1
Cmd: preprocess
  insize=1394 outsize=324 ok=1
Cmd: preprocess
  insize=1099 outsize=282 ok=1
Cmd: preprocess
  insize=2754 outsize=456 ok=1
Cmd: preprocess
  insize=1172 outsize=297 ok=1
Cmd: preprocess
  insize=1556 outsize=371 ok=1
Cmd: preprocess
  insize=1520 outsize=363 ok=1
Cmd: preprocess
  insize=1507 outsize=359 ok=1
Cmd: preprocess
  insize=10188 outsize=4664 ok=1
Cmd: preprocess
  insize=2588 outsize=853 ok=1
Cmd: preprocess
  insize=1401 outsize=327 ok=1
Cmd: preprocess
  insize=1521 outsize=361 ok=1
Cmd: preprocess
  insize=1478 outsize=296 ok=1
Cmd: preprocess
  insize=1565 outsize=381 ok=1
Cmd: preprocess
  insize=1392 outsize=323 ok=1
Cmd: preprocess
  insize=2071 outsize=456 ok=1
Cmd: preprocess
  insize=2243 outsize=378 ok=1
Cmd: preprocess
  insize=23328 outsize=3622 ok=1
Cmd: preprocess
  insize=1032 outsize=307 ok=1
Cmd: preprocess
  insize=1754 outsize=429 ok=1
Cmd: preprocess
  insize=1543 outsize=367 ok=1
Cmd: preprocess
  insize=1392 outsize=323 ok=1
Cmd: preprocess
  insize=1707 outsize=475 ok=1
Cmd: preprocess
  insize=1682 outsize=475 ok=1
Cmd: preprocess
  insize=2129 outsize=452 ok=1
Cmd: preprocess
  insize=2247 outsize=933 ok=1
Cmd: preprocess
  insize=1555 outsize=375 ok=1
Cmd: preprocess
  insize=1554 outsize=376 ok=1
Cmd: preprocess
  insize=1257 outsize=301 ok=1
Cmd: preprocess
  insize=224 outsize=221 ok=1
Cmd: preprocess
  insize=1347 outsize=347 ok=1
Cmd: preprocess
  insize=1644 outsize=403 ok=1
Cmd: preprocess
  insize=1148 outsize=299 ok=1
Cmd: preprocess
  insize=2124 outsize=456 ok=1
Cmd: preprocess
  insize=1670 outsize=419 ok=1
Cmd: preprocess
  insize=1536 outsize=367 ok=1
Cmd: preprocess
  insize=1518 outsize=361 ok=1
Cmd: preprocess
  insize=1715 outsize=475 ok=1
Cmd: preprocess
  insize=1975 outsize=470 ok=1
Cmd: preprocess
  insize=1396 outsize=325 ok=1
Cmd: preprocess
  insize=1396 outsize=325 ok=1
Cmd: preprocess
  insize=1396 outsize=327 ok=1
Cmd: preprocess
  insize=1179 outsize=300 ok=1
Cmd: preprocess
  insize=2752 outsize=453 ok=1
Cmd: preprocess
  insize=1321 outsize=295 ok=1
Cmd: preprocess
  insize=1049 outsize=303 ok=1
Cmd: preprocess
  insize=1387 outsize=323 ok=1
Cmd: preprocess
  insize=1525 outsize=369 ok=1
Cmd: preprocess
  insize=1229 outsize=313 ok=1
Cmd: preprocess
  insize=1584 outsize=377 ok=1
Cmd: preprocess
  insize=1398 outsize=328 ok=1
Cmd: preprocess
  insize=2753 outsize=457 ok=1
Cmd: preprocess
  insize=10027 outsize=1638 ok=1
Cmd: preprocess
  insize=1546 outsize=369 ok=1
Cmd: preprocess
  insize=2027 outsize=769 ok=1
Cmd: preprocess
  insize=2048 outsize=378 ok=1
Cmd: preprocess
  insize=1402 outsize=330 ok=1
Cmd: preprocess
  insize=2756 outsize=457 ok=1
Cmd: preprocess
  insize=1699 outsize=475 ok=1
Cmd: preprocess
  insize=1394 outsize=324 ok=1
Cmd: preprocess
  insize=2702 outsize=1786 ok=1
Cmd: preprocess
  insize=5175 outsize=1195 ok=1
Cmd: preprocess
  insize=2639 outsize=587 ok=1
Cmd: preprocess
  insize=1592 outsize=421 ok=1
Cmd: preprocess
  insize=1996 outsize=449 ok=1
Cmd: preprocess
  insize=1804 outsize=578 ok=1
Cmd: preprocess
  insize=1468 outsize=299 ok=1
Cmd: preprocess
  insize=1511 outsize=363 ok=1
Cmd: preprocess
  insize=1544 outsize=378 ok=1
Cmd: preprocess
  insize=7823 outsize=5796 ok=1
Cmd: preprocess
  insize=1766 outsize=430 ok=1
Cmd: preprocess
  insize=2436 outsize=889 ok=1
Cmd: preprocess
  insize=1368 outsize=303 ok=1
Cmd: preprocess
  insize=1543 outsize=376 ok=1
Cmd: preprocess
  insize=1949 outsize=932 ok=1
Cmd: preprocess
  insize=1416 outsize=334 ok=1
Cmd: preprocess
  insize=5151 outsize=719 ok=1
Cmd: preprocess
  insize=1392 outsize=323 ok=1
Cmd: preprocess
  insize=1385 outsize=305 ok=1
Cmd: preprocess
  insize=6777 outsize=1252 ok=1
Cmd: preprocess
  insize=1778 outsize=453 ok=1
Cmd: preprocess
  insize=1893 outsize=464 ok=1
Cmd: preprocess
  insize=1512 outsize=358 ok=1
Cmd: preprocess
  insize=1504 outsize=327 ok=1
Cmd: preprocess
  insize=9808 outsize=2734 ok=1
Cmd: preprocess
  insize=1540 outsize=371 ok=1
Cmd: preprocess
  insize=2382 outsize=697 ok=1
Cmd: preprocess
  insize=1791 outsize=328 ok=1
Cmd: preprocess
  insize=2645 outsize=990 ok=1
Cmd: preprocess
  insize=2761 outsize=460 ok=1
Cmd: preprocess
  insize=24974 outsize=5147 ok=1
Cmd: preprocess
  insize=1538 outsize=370 ok=1
Cmd: preprocess
  insize=4004 outsize=2324 ok=1
Cmd: preprocess
  insize=1031 outsize=239 ok=1
Cmd: preprocess
  insize=12577 outsize=5362 ok=1
Cmd: preprocess
  insize=1522 outsize=362 ok=1
Cmd: preprocess
  insize=1394 outsize=324 ok=1
Cmd: preprocess
  insize=1652 outsize=406 ok=1
Cmd: preprocess
  insize=1451 outsize=551 ok=1
Cmd: preprocess
  insize=1696 outsize=296 ok=1
Cmd: preprocess
  insize=1547 outsize=379 ok=1
Cmd: preprocess
  insize=1542 outsize=375 ok=1
Cmd: preprocess
  insize=1380 outsize=303 ok=1
Cmd: preprocess
  insize=2054 outsize=456 ok=1
Cmd: preprocess
  insize=1081 outsize=295 ok=1
Cmd: preprocess
  insize=1639 outsize=395 ok=1
Cmd: preprocess
  insize=2954 outsize=1292 ok=1
Cmd: preprocess
  insize=1508 outsize=359 ok=1
Cmd: preprocess
  insize=1396 outsize=324 ok=1
Cmd: preprocess
  insize=1741 outsize=456 ok=1
Cmd: preprocess
  insize=11964 outsize=2147 ok=1
Cmd: preprocess
  insize=2729 outsize=1251 ok=1
Cmd: preprocess
  insize=1554 outsize=377 ok=1
Cmd: preprocess
  insize=1332 outsize=294 ok=1
Cmd: preprocess
  insize=1803 outsize=459 ok=1
Cmd: preprocess
  insize=1513 outsize=365 ok=1
Cmd: preprocess
  insize=1962 outsize=890 ok=1
Cmd: preprocess
  insize=1329 outsize=309 ok=1
Cmd: compileSnippet
  api=4 type=0 insize=6949 outsize=734 kw=SHADOWS_DEPTH LIGHTMAP_OFF DIRLIGHTMAP_OFF DYNAMICLIGHTMAP_OFF pd=UNITY_NO_DXT5nm UNITY_ENABLE_REFLECTION_BUFFERS UNITY_NO_SCREENSPACE_SHADOWS UNITY_PBS_USE_BRDF2 SHADER_API_DESKTOP UNITY_HARDWARE_TIER3 UNITY_COLORSPACE_GAMMA ok=1
Cmd: compileSnippet
  api=4 type=1 insize=6949 outsize=354 kw=SHADOWS_DEPTH LIGHTMAP_OFF DIRLIGHTMAP_OFF DYNAMICLIGHTMAP_OFF pd=UNITY_NO_DXT5nm UNITY_ENABLE_REFLECTION_BUFFERS UNITY_NO_SCREENSPACE_SHADOWS UNITY_PBS_USE_BRDF2 SHADER_API_DESKTOP UNITY_HARDWARE_TIER3 UNITY_COLORSPACE_GAMMA ok=1
Cmd: compileSnippet
  api=4 type=2 insize=6949 outsize=2226 kw=SHADOWS_DEPTH LIGHTMAP_OFF DIRLIGHTMAP_OFF DYNAMICLIGHTMAP_OFF pd=UNITY_NO_DXT5nm UNITY_ENABLE_REFLECTION_BUFFERS UNITY_NO_SCREENSPACE_SHADOWS UNITY_PBS_USE_BRDF2 SHADER_API_DESKTOP UNITY_HARDWARE_TIER3 UNITY_COLORSPACE_GAMMA ok=1
Cmd: compileSnippet
  api=4 type=3 insize=6949 outsize=2866 kw=SHADOWS_DEPTH LIGHTMAP_OFF DIRLIGHTMAP_OFF DYNAMICLIGHTMAP_OFF pd=UNITY_NO_DXT5nm UNITY_ENABLE_REFLECTION_BUFFERS UNITY_NO_SCREENSPACE_SHADOWS UNITY_PBS_USE_BRDF2 SHADER_API_DESKTOP UNITY_HARDWARE_TIER3 UNITY_COLORSPACE_GAMMA ok=1
Cmd: compileSnippet
  api=4 type=0 insize=13214 outsize=734 kw=DIRECTIONAL LIGHTMAP_OFF DIRLIGHTMAP_OFF DYNAMICLIGHTMAP_OFF pd=UNITY_NO_DXT5nm UNITY_ENABLE_REFLECTION_BUFFERS UNITY_NO_SCREENSPACE_SHADOWS UNITY_PBS_USE_BRDF2 SHADER_API_DESKTOP UNITY_HARDWARE_TIER3 UNITY_COLORSPACE_GAMMA ok=1
Cmd: compileSnippet
  api=4 type=1 insize=13214 outsize=4082 kw=DIRECTIONAL LIGHTMAP_OFF DIRLIGHTMAP_OFF DYNAMICLIGHTMAP_OFF pd=UNITY_NO_DXT5nm UNITY_ENABLE_REFLECTION_BUFFERS UNITY_NO_SCREENSPACE_SHADOWS UNITY_PBS_USE_BRDF2 SHADER_API_DESKTOP UNITY_HARDWARE_TIER3 UNITY_COLORSPACE_GAMMA ok=1
Cmd: compileSnippet
  api=4 type=2 insize=13214 outsize=2226 kw=DIRECTIONAL LIGHTMAP_OFF DIRLIGHTMAP_OFF DYNAMICLIGHTMAP_OFF pd=UNITY_NO_DXT5nm UNITY_ENABLE_REFLECTION_BUFFERS UNITY_NO_SCREENSPACE_SHADOWS UNITY_PBS_USE_BRDF2 SHADER_API_DESKTOP UNITY_HARDWARE_TIER3 UNITY_COLORSPACE_GAMMA ok=1
Cmd: compileSnippet
  api=4 type=3 insize=13214 outsize=3270 kw=DIRECTIONAL LIGHTMAP_OFF DIRLIGHTMAP_OFF DYNAMICLIGHTMAP_OFF pd=UNITY_NO_DXT5nm UNITY_ENABLE_REFLECTION_BUFFERS UNITY_NO_SCREENSPACE_SHADOWS UNITY_PBS_USE_BRDF2 SHADER_API_DESKTOP UNITY_HARDWARE_TIER3 UNITY_COLORSPACE_GAMMA ok=1
Cmd: compileSnippet
  api=4 type=0 insize=10443 outsize=734 kw=DIRECTIONAL LIGHTMAP_OFF DIRLIGHTMAP_OFF DYNAMICLIGHTMAP_OFF pd=UNITY_NO_DXT5nm UNITY_ENABLE_REFLECTION_BUFFERS UNITY_NO_SCREENSPACE_SHADOWS UNITY_PBS_USE_BRDF2 SHADER_API_DESKTOP UNITY_HARDWARE_TIER3 UNITY_COLORSPACE_GAMMA ok=1
Cmd: compileSnippet
  api=4 type=1 insize=10443 outsize=2466 kw=DIRECTIONAL LIGHTMAP_OFF DIRLIGHTMAP_OFF DYNAMICLIGHTMAP_OFF pd=UNITY_NO_DXT5nm UNITY_ENABLE_REFLECTION_BUFFERS UNITY_NO_SCREENSPACE_SHADOWS UNITY_PBS_USE_BRDF2 SHADER_API_DESKTOP UNITY_HARDWARE_TIER3 UNITY_COLORSPACE_GAMMA ok=1
Cmd: compileSnippet
  api=4 type=2 insize=10443 outsize=2226 kw=DIRECTIONAL LIGHTMAP_OFF DIRLIGHTMAP_OFF DYNAMICLIGHTMAP_OFF pd=UNITY_NO_DXT5nm UNITY_ENABLE_REFLECTION_BUFFERS UNITY_NO_SCREENSPACE_SHADOWS UNITY_PBS_USE_BRDF2 SHADER_API_DESKTOP UNITY_HARDWARE_TIER3 UNITY_COLORSPACE_GAMMA ok=1
Cmd: compileSnippet
  api=4 type=3 insize=10443 outsize=3202 kw=DIRECTIONAL LIGHTMAP_OFF DIRLIGHTMAP_OFF DYNAMICLIGHTMAP_OFF pd=UNITY_NO_DXT5nm UNITY_ENABLE_REFLECTION_BUFFERS UNITY_NO_SCREENSPACE_SHADOWS UNITY_PBS_USE_BRDF2 SHADER_API_DESKTOP UNITY_HARDWARE_TIER3 UNITY_COLORSPACE_GAMMA ok=1
Cmd: compileCompute
  api=9 insize=4129 outsize=22297 ok=1
Cmd: compileCompute
  api=18 insize=4129 outsize=44001 ok=1
Cmd: compileCompute
  api=4 insize=4129 outsize=8333 ok=1
