********************************************************************************
*                       Monday, June 04, 2018 5:35:17 PM                       *
********************************************************************************
CSharpCompilerWrapper.exe version: 2.0.3.30
Platform: Windows
Target assembly: Assembly-CSharp.dll
Project directory: E:\GitProject\Unity5.6.1p4\SeaFight
Target profile directory: D:\Unity5.6.1\Unity\Editor\Data\Mono\lib\mono\unity
Unity 'Data' or 'Frameworks' directory: D:/Unity5.6.1/Unity/Editor/Data
Compiler: Microsoft C# 6.0

- Compilation -----------------------------------------------

Process: E:\GitProject\Unity5.6.1p4\SeaFight\CSharp60Support\Roslyn\csc.exe
Arguments: -nostdlib+ -noconfig -nologo -r:"D:\Unity5.6.1\Unity\Editor\Data\Mono\lib\mono\unity\mscorlib.dll" -r:"D:\Unity5.6.1\Unity\Editor\Data\Mono\lib\mono\unity\System.dll" -r:"D:\Unity5.6.1\Unity\Editor\Data\Mono\lib\mono\unity\System.Core.dll" -r:"D:\Unity5.6.1\Unity\Editor\Data\Mono\lib\mono\unity\System.Xml.dll" @Temp/UnityTempFile-593c0f997da9c26439966f37379ce251 
Exit code: 0
Elapsed time: 2.35 sec

- Compiler output (0 lines):

- Compiler errors (26 lines):
0: Assets\EasyTouchBundle\EasyTouch\Examples\4.X\LoadExamples.cs(9,3): warning CS0618: 'Application.LoadLevel(string)' is obsolete: 'Use SceneManager.LoadScene'
1: Assets\EasyTouchBundle\EasyTouchControls\Examples\Version 1.X\LoadLevelScript.cs(13,3): warning CS0618: 'Application.LoadLevel(string)' is obsolete: 'Use SceneManager.LoadScene'
2: Assets\EasyTouchBundle\EasyTouchControls\Examples\Version 1.X\LoadLevelScript.cs(21,3): warning CS0618: 'Application.LoadLevel(string)' is obsolete: 'Use SceneManager.LoadScene'
3: Assets\EasyTouchBundle\EasyTouchControls\Examples\Version 1.X\LoadLevelScript.cs(29,3): warning CS0618: 'Application.LoadLevel(string)' is obsolete: 'Use SceneManager.LoadScene'
4: Assets\EasyTouchBundle\EasyTouchControls\Examples\Version 1.X\LoadLevelScript.cs(37,3): warning CS0618: 'Application.LoadLevel(string)' is obsolete: 'Use SceneManager.LoadScene'
5: Assets\EasyTouchBundle\EasyTouchControls\Examples\Version 1.X\LoadLevelScript.cs(45,3): warning CS0618: 'Application.LoadLevel(string)' is obsolete: 'Use SceneManager.LoadScene'
6: Assets\EasyTouchBundle\EasyTouchControls\Examples\Version 1.X\LoadLevelScript.cs(53,3): warning CS0618: 'Application.LoadLevel(string)' is obsolete: 'Use SceneManager.LoadScene'
7: Assets\EasyTouchBundle\EasyTouchControls\Examples\Version 1.X\LoadLevelScript.cs(61,3): warning CS0618: 'Application.LoadLevel(string)' is obsolete: 'Use SceneManager.LoadScene'
8: Assets\EasyTouchBundle\EasyTouchControls\Examples\Version 1.X\LoadLevelScript.cs(69,3): warning CS0618: 'Application.LoadLevel(string)' is obsolete: 'Use SceneManager.LoadScene'
9: Assets\EasyTouchBundle\EasyTouchControls\Examples\Version 1.X\LoadLevelScript.cs(77,3): warning CS0618: 'Application.LoadLevel(string)' is obsolete: 'Use SceneManager.LoadScene'
10: Assets\EasyTouchBundle\EasyTouchControls\Examples\Version 1.X\LoadLevelScript.cs(85,3): warning CS0618: 'Application.LoadLevel(string)' is obsolete: 'Use SceneManager.LoadScene'
11: Assets\Scripts\Manager\GameManager.cs(337,9): warning CS0162: Unreachable code detected
12: Assets\Ceto\Scripts\Reflections\PlanarReflection.cs(270,100): warning CS0618: 'Camera.hdr' is obsolete: 'use Camera.allowHDR instead.'
13: Assets\Ceto\Scripts\Reflections\PlanarReflection.cs(288,100): warning CS0618: 'Camera.hdr' is obsolete: 'use Camera.allowHDR instead.'
14: Assets\Ceto\Scripts\Reflections\PlanarReflection.cs(346,14): warning CS0618: 'Camera.hdr' is obsolete: 'use Camera.allowHDR instead.'
15: Assets\Ceto\Scripts\Reflections\PlanarReflection.cs(346,29): warning CS0618: 'Camera.hdr' is obsolete: 'use Camera.allowHDR instead.'
16: Assets\Ceto\Scripts\Common\Unity\RTUtility.cs(269,18): warning CS0618: 'SystemInfo.supportsRenderTextures' is obsolete: 'supportsRenderTextures always returns true, no need to call it'
17: Assets\Ceto\Scripts\Common\Unity\RTUtility.cs(293,18): warning CS0618: 'SystemInfo.supportsRenderTextures' is obsolete: 'supportsRenderTextures always returns true, no need to call it'
18: Assets\Spine\spine-csharp\Slot.cs(39,17): warning CS0649: Field 'Slot.hasSecondColor' is never assigned to, and will always have its default value false
19: Assets\Scripts\Tool\LoopMove.cs(12,13): warning CS0649: Field 'LoopMove.tw' is never assigned to, and will always have its default value null
20: Assets\Spine Examples\Scripts\SpineboyFootplanter.cs(30,25): warning CS0649: Field 'SpineboyFootplanter.nearFoot' is never assigned to, and will always have its default value null
21: Assets\Spine Examples\Scripts\SpineboyFootplanter.cs(30,35): warning CS0649: Field 'SpineboyFootplanter.farFoot' is never assigned to, and will always have its default value null
22: Assets\Scripts\uMeng\Analytics.cs(25,15): warning CS0414: The field 'Analytics.hasInit' is assigned but its value is never used
23: Assets\Scripts\Manager\GameManager.cs(38,19): warning CS0414: The field 'GameManager.cameraDistance' is assigned but its value is never used
24: Assets\Scripts\Data\DataController.cs(15,27): warning CS0414: The field 'DataController.XMLName' is assigned but its value is never used
25: Assets\Scripts\Manager\GameManager.cs(13,27): warning CS0414: The field 'GameManager.XMLName' is assigned but its value is never used

- PDB to MDB conversion --------------------------------------

Process: E:\GitProject\Unity5.6.1p4\SeaFight\CSharp60Support\Roslyn\pdb2mdb.exe
Arguments: Temp\Assembly-CSharp.dll
Exit code: 0
Elapsed time: 0.27 sec

- pdb2mdb.exe output (0 lines):
********************************************************************************
*                       Monday, June 04, 2018 5:35:21 PM                       *
********************************************************************************
CSharpCompilerWrapper.exe version: 2.0.3.30
Platform: Windows
Target assembly: Assembly-CSharp-Editor.dll
Project directory: E:\GitProject\Unity5.6.1p4\SeaFight
Target profile directory: D:\Unity5.6.1\Unity\Editor\Data\MonoBleedingEdge\lib\mono\2.0-api
Unity 'Data' or 'Frameworks' directory: D:/Unity5.6.1/Unity/Editor/Data
Compiler: Microsoft C# 6.0

- Compilation -----------------------------------------------

Process: E:\GitProject\Unity5.6.1p4\SeaFight\CSharp60Support\Roslyn\csc.exe
Arguments: -nostdlib+ -noconfig -nologo -r:"D:\Unity5.6.1\Unity\Editor\Data\MonoBleedingEdge\lib\mono\2.0-api\mscorlib.dll" -r:"D:\Unity5.6.1\Unity\Editor\Data\MonoBleedingEdge\lib\mono\2.0-api\System.dll" -r:"D:\Unity5.6.1\Unity\Editor\Data\MonoBleedingEdge\lib\mono\2.0-api\System.Core.dll" -r:"D:\Unity5.6.1\Unity\Editor\Data\MonoBleedingEdge\lib\mono\2.0-api\System.Xml.dll" @Temp/UnityTempFile-7d5c46ab3135a824cb258a7820a9ecd4 
Exit code: 0
Elapsed time: 1.29 sec

- Compiler output (0 lines):

- Compiler errors (13 lines):
0: Assets\BuildReport\Scripts\Editor\Utility\BRT_Util.cs(121,9): warning CS0618: 'BuildTarget.XBOX360' is obsolete: 'XBOX360 has been removed in 5.5'
1: Assets\BuildReport\Scripts\Editor\Utility\BRT_Util.cs(124,9): warning CS0618: 'BuildTarget.PS3' is obsolete: 'PS3 has been removed in >=5.5'
2: Assets\EasyTouchBundle\EasyTouchControls\Plugins\Editor\ETCMenu.cs(149,43): warning CS0618: 'TouchInputModule' is obsolete: 'TouchInputModule is no longer required as Touch input is now handled in StandaloneInputModule.'
3: Assets\EasyTouchBundle\EasyTouchControls\Plugins\Editor\ETCMenu.cs(150,4): warning CS0618: 'TouchInputModule' is obsolete: 'TouchInputModule is no longer required as Touch input is now handled in StandaloneInputModule.'
4: Assets\EasyTouchBundle\EasyTouchControls\Plugins\Editor\ETCMenu.cs(150,79): warning CS0618: 'TouchInputModule' is obsolete: 'TouchInputModule is no longer required as Touch input is now handled in StandaloneInputModule.'
5: Assets\EasyTouchBundle\EasyTouchControls\Plugins\Editor\ETCMenu.cs(150,27): warning CS0618: 'TouchInputModule' is obsolete: 'TouchInputModule is no longer required as Touch input is now handled in StandaloneInputModule.'
6: Assets\EasyTouchBundle\EasyTouchControls\Plugins\Editor\ETCMenu.cs(164,60): warning CS0618: 'TouchInputModule' is obsolete: 'TouchInputModule is no longer required as Touch input is now handled in StandaloneInputModule.'
7: Assets\BuildReport\Scripts\Editor\ReportGeneration\BRT_UnityBuildSettingsUtility.cs(309,49): warning CS0618: 'PlayerSettings.apiCompatibilityLevel' is obsolete: 'apiCompatibilityLevel is deprecated. Use PlayerSettings.GetApiCompatibilityLevel()/PlayerSettings.SetApiCompatibilityLevel() instead.'
8: Assets\BuildReport\Scripts\Editor\ReportGeneration\BRT_UnityBuildSettingsUtility.cs(322,42): warning CS0618: 'PlayerSettings.renderingPath' is obsolete: 'renderingPath is ignored, use UnityEditor.Rendering.TierSettings with UnityEditor.Rendering.SetTierSettings/GetTierSettings instead'
9: Assets\BuildReport\Scripts\Editor\ReportGeneration\BRT_UnityBuildSettingsUtility.cs(495,43): warning CS0618: 'PlayerSettings.iOS.targetOSVersion' is obsolete: 'targetOSVersion is obsolete, use targetOSVersionString'
10: Assets\BuildReport\Scripts\Editor\ReportGeneration\BRT_UnityBuildSettingsUtility.cs(777,31): warning CS0618: 'PlayerSettings.XboxOne.SandboxId' is obsolete: 'SandboxId is obsolete please remove'
11: Assets\BuildReport\Scripts\Editor\ReportGeneration\BRT_UnityBuildSettingsUtility.cs(819,36): warning CS0618: 'PlayerSettings.PS4.videoOutResolution' is obsolete: 'videoOutResolution is deprecated. Use PlayerSettings.PS4.videoOutInitialWidth and PlayerSettings.PS4.videoOutReprojectionRate to control initial display resolution and reprojection rate.'
12: Assets\BuildReport\Scripts\Editor\ReportGeneration\BRT_ReportGenerator.cs(198,25): warning CS0618: 'PlayerSettings.apiCompatibilityLevel' is obsolete: 'apiCompatibilityLevel is deprecated. Use PlayerSettings.GetApiCompatibilityLevel()/PlayerSettings.SetApiCompatibilityLevel() instead.'

- PDB to MDB conversion --------------------------------------

Process: E:\GitProject\Unity5.6.1p4\SeaFight\CSharp60Support\Roslyn\pdb2mdb.exe
Arguments: Temp\Assembly-CSharp-Editor.dll
Exit code: 0
Elapsed time: 0.13 sec

- pdb2mdb.exe output (0 lines):
********************************************************************************
*                       Monday, June 04, 2018 5:38:08 PM                       *
********************************************************************************
CSharpCompilerWrapper.exe version: 2.0.3.30
Platform: Windows
Target assembly: Assembly-CSharp.dll
Project directory: E:\GitProject\Unity5.6.1p4\SeaFight
Target profile directory: D:\Unity5.6.1\Unity\Editor\Data\Mono\lib\mono\unity
Unity 'Data' or 'Frameworks' directory: D:/Unity5.6.1/Unity/Editor/Data
Compiler: Microsoft C# 6.0

- Compilation -----------------------------------------------

Process: E:\GitProject\Unity5.6.1p4\SeaFight\CSharp60Support\Roslyn\csc.exe
Arguments: -nostdlib+ -noconfig -nologo -r:"D:\Unity5.6.1\Unity\Editor\Data\Mono\lib\mono\unity\mscorlib.dll" -r:"D:\Unity5.6.1\Unity\Editor\Data\Mono\lib\mono\unity\System.dll" -r:"D:\Unity5.6.1\Unity\Editor\Data\Mono\lib\mono\unity\System.Core.dll" -r:"D:\Unity5.6.1\Unity\Editor\Data\Mono\lib\mono\unity\System.Xml.dll" @Temp/UnityTempFile-dcb4024ef8f06b848b969f2f999ef973 
Exit code: 0
Elapsed time: 2.07 sec

- Compiler output (0 lines):

- Compiler errors (26 lines):
0: Assets\EasyTouchBundle\EasyTouch\Examples\4.X\LoadExamples.cs(9,3): warning CS0618: 'Application.LoadLevel(string)' is obsolete: 'Use SceneManager.LoadScene'
1: Assets\EasyTouchBundle\EasyTouchControls\Examples\Version 1.X\LoadLevelScript.cs(13,3): warning CS0618: 'Application.LoadLevel(string)' is obsolete: 'Use SceneManager.LoadScene'
2: Assets\EasyTouchBundle\EasyTouchControls\Examples\Version 1.X\LoadLevelScript.cs(21,3): warning CS0618: 'Application.LoadLevel(string)' is obsolete: 'Use SceneManager.LoadScene'
3: Assets\EasyTouchBundle\EasyTouchControls\Examples\Version 1.X\LoadLevelScript.cs(29,3): warning CS0618: 'Application.LoadLevel(string)' is obsolete: 'Use SceneManager.LoadScene'
4: Assets\EasyTouchBundle\EasyTouchControls\Examples\Version 1.X\LoadLevelScript.cs(37,3): warning CS0618: 'Application.LoadLevel(string)' is obsolete: 'Use SceneManager.LoadScene'
5: Assets\EasyTouchBundle\EasyTouchControls\Examples\Version 1.X\LoadLevelScript.cs(45,3): warning CS0618: 'Application.LoadLevel(string)' is obsolete: 'Use SceneManager.LoadScene'
6: Assets\EasyTouchBundle\EasyTouchControls\Examples\Version 1.X\LoadLevelScript.cs(53,3): warning CS0618: 'Application.LoadLevel(string)' is obsolete: 'Use SceneManager.LoadScene'
7: Assets\EasyTouchBundle\EasyTouchControls\Examples\Version 1.X\LoadLevelScript.cs(61,3): warning CS0618: 'Application.LoadLevel(string)' is obsolete: 'Use SceneManager.LoadScene'
8: Assets\EasyTouchBundle\EasyTouchControls\Examples\Version 1.X\LoadLevelScript.cs(69,3): warning CS0618: 'Application.LoadLevel(string)' is obsolete: 'Use SceneManager.LoadScene'
9: Assets\EasyTouchBundle\EasyTouchControls\Examples\Version 1.X\LoadLevelScript.cs(77,3): warning CS0618: 'Application.LoadLevel(string)' is obsolete: 'Use SceneManager.LoadScene'
10: Assets\EasyTouchBundle\EasyTouchControls\Examples\Version 1.X\LoadLevelScript.cs(85,3): warning CS0618: 'Application.LoadLevel(string)' is obsolete: 'Use SceneManager.LoadScene'
11: Assets\Scripts\Manager\GameManager.cs(337,9): warning CS0162: Unreachable code detected
12: Assets\Ceto\Scripts\Common\Unity\RTUtility.cs(269,18): warning CS0618: 'SystemInfo.supportsRenderTextures' is obsolete: 'supportsRenderTextures always returns true, no need to call it'
13: Assets\Ceto\Scripts\Common\Unity\RTUtility.cs(293,18): warning CS0618: 'SystemInfo.supportsRenderTextures' is obsolete: 'supportsRenderTextures always returns true, no need to call it'
14: Assets\Ceto\Scripts\Reflections\PlanarReflection.cs(270,100): warning CS0618: 'Camera.hdr' is obsolete: 'use Camera.allowHDR instead.'
15: Assets\Ceto\Scripts\Reflections\PlanarReflection.cs(288,100): warning CS0618: 'Camera.hdr' is obsolete: 'use Camera.allowHDR instead.'
16: Assets\Ceto\Scripts\Reflections\PlanarReflection.cs(346,14): warning CS0618: 'Camera.hdr' is obsolete: 'use Camera.allowHDR instead.'
17: Assets\Ceto\Scripts\Reflections\PlanarReflection.cs(346,29): warning CS0618: 'Camera.hdr' is obsolete: 'use Camera.allowHDR instead.'
18: Assets\Scripts\Tool\LoopMove.cs(12,13): warning CS0649: Field 'LoopMove.tw' is never assigned to, and will always have its default value null
19: Assets\Spine\spine-csharp\Slot.cs(39,17): warning CS0649: Field 'Slot.hasSecondColor' is never assigned to, and will always have its default value false
20: Assets\Spine Examples\Scripts\SpineboyFootplanter.cs(30,35): warning CS0649: Field 'SpineboyFootplanter.farFoot' is never assigned to, and will always have its default value null
21: Assets\Spine Examples\Scripts\SpineboyFootplanter.cs(30,25): warning CS0649: Field 'SpineboyFootplanter.nearFoot' is never assigned to, and will always have its default value null
22: Assets\Scripts\Manager\GameManager.cs(13,27): warning CS0414: The field 'GameManager.XMLName' is assigned but its value is never used
23: Assets\Scripts\Manager\GameManager.cs(38,19): warning CS0414: The field 'GameManager.cameraDistance' is assigned but its value is never used
24: Assets\Scripts\uMeng\Analytics.cs(25,15): warning CS0414: The field 'Analytics.hasInit' is assigned but its value is never used
25: Assets\Scripts\Data\DataController.cs(15,27): warning CS0414: The field 'DataController.XMLName' is assigned but its value is never used

- PDB to MDB conversion --------------------------------------

Process: E:\GitProject\Unity5.6.1p4\SeaFight\CSharp60Support\Roslyn\pdb2mdb.exe
Arguments: Temp\Assembly-CSharp.dll
Exit code: 0
Elapsed time: 0.20 sec

- pdb2mdb.exe output (0 lines):
********************************************************************************
*                       Monday, June 04, 2018 5:38:11 PM                       *
********************************************************************************
CSharpCompilerWrapper.exe version: 2.0.3.30
Platform: Windows
Target assembly: Assembly-CSharp-Editor.dll
Project directory: E:\GitProject\Unity5.6.1p4\SeaFight
Target profile directory: D:\Unity5.6.1\Unity\Editor\Data\MonoBleedingEdge\lib\mono\2.0-api
Unity 'Data' or 'Frameworks' directory: D:/Unity5.6.1/Unity/Editor/Data
Compiler: Microsoft C# 6.0

- Compilation -----------------------------------------------

Process: E:\GitProject\Unity5.6.1p4\SeaFight\CSharp60Support\Roslyn\csc.exe
Arguments: -nostdlib+ -noconfig -nologo -r:"D:\Unity5.6.1\Unity\Editor\Data\MonoBleedingEdge\lib\mono\2.0-api\mscorlib.dll" -r:"D:\Unity5.6.1\Unity\Editor\Data\MonoBleedingEdge\lib\mono\2.0-api\System.dll" -r:"D:\Unity5.6.1\Unity\Editor\Data\MonoBleedingEdge\lib\mono\2.0-api\System.Core.dll" -r:"D:\Unity5.6.1\Unity\Editor\Data\MonoBleedingEdge\lib\mono\2.0-api\System.Xml.dll" @Temp/UnityTempFile-df3592cc7a542c34fba6d8ae4c7cfbdb 
Exit code: 0
Elapsed time: 1.23 sec

- Compiler output (0 lines):

- Compiler errors (13 lines):
0: Assets\EasyTouchBundle\EasyTouchControls\Plugins\Editor\ETCMenu.cs(149,43): warning CS0618: 'TouchInputModule' is obsolete: 'TouchInputModule is no longer required as Touch input is now handled in StandaloneInputModule.'
1: Assets\EasyTouchBundle\EasyTouchControls\Plugins\Editor\ETCMenu.cs(150,4): warning CS0618: 'TouchInputModule' is obsolete: 'TouchInputModule is no longer required as Touch input is now handled in StandaloneInputModule.'
2: Assets\EasyTouchBundle\EasyTouchControls\Plugins\Editor\ETCMenu.cs(150,79): warning CS0618: 'TouchInputModule' is obsolete: 'TouchInputModule is no longer required as Touch input is now handled in StandaloneInputModule.'
3: Assets\EasyTouchBundle\EasyTouchControls\Plugins\Editor\ETCMenu.cs(150,27): warning CS0618: 'TouchInputModule' is obsolete: 'TouchInputModule is no longer required as Touch input is now handled in StandaloneInputModule.'
4: Assets\EasyTouchBundle\EasyTouchControls\Plugins\Editor\ETCMenu.cs(164,60): warning CS0618: 'TouchInputModule' is obsolete: 'TouchInputModule is no longer required as Touch input is now handled in StandaloneInputModule.'
5: Assets\BuildReport\Scripts\Editor\Utility\BRT_Util.cs(121,9): warning CS0618: 'BuildTarget.XBOX360' is obsolete: 'XBOX360 has been removed in 5.5'
6: Assets\BuildReport\Scripts\Editor\Utility\BRT_Util.cs(124,9): warning CS0618: 'BuildTarget.PS3' is obsolete: 'PS3 has been removed in >=5.5'
7: Assets\BuildReport\Scripts\Editor\ReportGeneration\BRT_UnityBuildSettingsUtility.cs(309,49): warning CS0618: 'PlayerSettings.apiCompatibilityLevel' is obsolete: 'apiCompatibilityLevel is deprecated. Use PlayerSettings.GetApiCompatibilityLevel()/PlayerSettings.SetApiCompatibilityLevel() instead.'
8: Assets\BuildReport\Scripts\Editor\ReportGeneration\BRT_UnityBuildSettingsUtility.cs(322,42): warning CS0618: 'PlayerSettings.renderingPath' is obsolete: 'renderingPath is ignored, use UnityEditor.Rendering.TierSettings with UnityEditor.Rendering.SetTierSettings/GetTierSettings instead'
9: Assets\BuildReport\Scripts\Editor\ReportGeneration\BRT_UnityBuildSettingsUtility.cs(495,43): warning CS0618: 'PlayerSettings.iOS.targetOSVersion' is obsolete: 'targetOSVersion is obsolete, use targetOSVersionString'
10: Assets\BuildReport\Scripts\Editor\ReportGeneration\BRT_UnityBuildSettingsUtility.cs(777,31): warning CS0618: 'PlayerSettings.XboxOne.SandboxId' is obsolete: 'SandboxId is obsolete please remove'
11: Assets\BuildReport\Scripts\Editor\ReportGeneration\BRT_UnityBuildSettingsUtility.cs(819,36): warning CS0618: 'PlayerSettings.PS4.videoOutResolution' is obsolete: 'videoOutResolution is deprecated. Use PlayerSettings.PS4.videoOutInitialWidth and PlayerSettings.PS4.videoOutReprojectionRate to control initial display resolution and reprojection rate.'
12: Assets\BuildReport\Scripts\Editor\ReportGeneration\BRT_ReportGenerator.cs(198,25): warning CS0618: 'PlayerSettings.apiCompatibilityLevel' is obsolete: 'apiCompatibilityLevel is deprecated. Use PlayerSettings.GetApiCompatibilityLevel()/PlayerSettings.SetApiCompatibilityLevel() instead.'

- PDB to MDB conversion --------------------------------------

Process: E:\GitProject\Unity5.6.1p4\SeaFight\CSharp60Support\Roslyn\pdb2mdb.exe
Arguments: Temp\Assembly-CSharp-Editor.dll
Exit code: 0
Elapsed time: 0.11 sec

- pdb2mdb.exe output (0 lines):
********************************************************************************
*                       Monday, June 04, 2018 5:41:19 PM                       *
********************************************************************************
CSharpCompilerWrapper.exe version: 2.0.3.30
Platform: Windows
Target assembly: Assembly-CSharp.dll
Project directory: E:\GitProject\Unity5.6.1p4\SeaFight
Target profile directory: D:\Unity5.6.1\Unity\Editor\Data\Mono\lib\mono\unity
Unity 'Data' or 'Frameworks' directory: D:/Unity5.6.1/Unity/Editor/Data
Compiler: Microsoft C# 6.0

- Compilation -----------------------------------------------

Process: E:\GitProject\Unity5.6.1p4\SeaFight\CSharp60Support\Roslyn\csc.exe
Arguments: -nostdlib+ -noconfig -nologo -r:"D:\Unity5.6.1\Unity\Editor\Data\Mono\lib\mono\unity\mscorlib.dll" -r:"D:\Unity5.6.1\Unity\Editor\Data\Mono\lib\mono\unity\System.dll" -r:"D:\Unity5.6.1\Unity\Editor\Data\Mono\lib\mono\unity\System.Core.dll" -r:"D:\Unity5.6.1\Unity\Editor\Data\Mono\lib\mono\unity\System.Xml.dll" @Temp/UnityTempFile-31f0e9270c9f6f74ab86fb93d702af16 
Exit code: 1
Elapsed time: 1.77 sec

- Compiler output (0 lines):

- Compiler errors (27 lines):
0: Assets\EasyTouchBundle\EasyTouch\Examples\4.X\LoadExamples.cs(9,3): warning CS0618: 'Application.LoadLevel(string)' is obsolete: 'Use SceneManager.LoadScene'
1: Assets\EasyTouchBundle\EasyTouchControls\Examples\Version 1.X\LoadLevelScript.cs(13,3): warning CS0618: 'Application.LoadLevel(string)' is obsolete: 'Use SceneManager.LoadScene'
2: Assets\EasyTouchBundle\EasyTouchControls\Examples\Version 1.X\LoadLevelScript.cs(21,3): warning CS0618: 'Application.LoadLevel(string)' is obsolete: 'Use SceneManager.LoadScene'
3: Assets\EasyTouchBundle\EasyTouchControls\Examples\Version 1.X\LoadLevelScript.cs(29,3): warning CS0618: 'Application.LoadLevel(string)' is obsolete: 'Use SceneManager.LoadScene'
4: Assets\EasyTouchBundle\EasyTouchControls\Examples\Version 1.X\LoadLevelScript.cs(37,3): warning CS0618: 'Application.LoadLevel(string)' is obsolete: 'Use SceneManager.LoadScene'
5: Assets\EasyTouchBundle\EasyTouchControls\Examples\Version 1.X\LoadLevelScript.cs(45,3): warning CS0618: 'Application.LoadLevel(string)' is obsolete: 'Use SceneManager.LoadScene'
6: Assets\EasyTouchBundle\EasyTouchControls\Examples\Version 1.X\LoadLevelScript.cs(53,3): warning CS0618: 'Application.LoadLevel(string)' is obsolete: 'Use SceneManager.LoadScene'
7: Assets\EasyTouchBundle\EasyTouchControls\Examples\Version 1.X\LoadLevelScript.cs(61,3): warning CS0618: 'Application.LoadLevel(string)' is obsolete: 'Use SceneManager.LoadScene'
8: Assets\EasyTouchBundle\EasyTouchControls\Examples\Version 1.X\LoadLevelScript.cs(69,3): warning CS0618: 'Application.LoadLevel(string)' is obsolete: 'Use SceneManager.LoadScene'
9: Assets\EasyTouchBundle\EasyTouchControls\Examples\Version 1.X\LoadLevelScript.cs(77,3): warning CS0618: 'Application.LoadLevel(string)' is obsolete: 'Use SceneManager.LoadScene'
10: Assets\EasyTouchBundle\EasyTouchControls\Examples\Version 1.X\LoadLevelScript.cs(85,3): warning CS0618: 'Application.LoadLevel(string)' is obsolete: 'Use SceneManager.LoadScene'
11: Assets\Scripts\Bullet\BulletGroup_2.cs(29,55): error CS1061: 'BGInfo2' does not contain a definition for 'delaySpan' and no extension method 'delaySpan' accepting a first argument of type 'BGInfo2' could be found (are you missing a using directive or an assembly reference?)
12: Assets\Scripts\Manager\GameManager.cs(337,9): warning CS0162: Unreachable code detected
13: Assets\Ceto\Scripts\Common\Unity\RTUtility.cs(269,18): warning CS0618: 'SystemInfo.supportsRenderTextures' is obsolete: 'supportsRenderTextures always returns true, no need to call it'
14: Assets\Ceto\Scripts\Common\Unity\RTUtility.cs(293,18): warning CS0618: 'SystemInfo.supportsRenderTextures' is obsolete: 'supportsRenderTextures always returns true, no need to call it'
15: Assets\Ceto\Scripts\Reflections\PlanarReflection.cs(270,100): warning CS0618: 'Camera.hdr' is obsolete: 'use Camera.allowHDR instead.'
16: Assets\Ceto\Scripts\Reflections\PlanarReflection.cs(288,100): warning CS0618: 'Camera.hdr' is obsolete: 'use Camera.allowHDR instead.'
17: Assets\Ceto\Scripts\Reflections\PlanarReflection.cs(346,14): warning CS0618: 'Camera.hdr' is obsolete: 'use Camera.allowHDR instead.'
18: Assets\Ceto\Scripts\Reflections\PlanarReflection.cs(346,29): warning CS0618: 'Camera.hdr' is obsolete: 'use Camera.allowHDR instead.'
19: Assets\Scripts\Tool\LoopMove.cs(12,13): warning CS0649: Field 'LoopMove.tw' is never assigned to, and will always have its default value null
20: Assets\Spine Examples\Scripts\SpineboyFootplanter.cs(30,35): warning CS0649: Field 'SpineboyFootplanter.farFoot' is never assigned to, and will always have its default value null
21: Assets\Spine\spine-csharp\Slot.cs(39,17): warning CS0649: Field 'Slot.hasSecondColor' is never assigned to, and will always have its default value false
22: Assets\Spine Examples\Scripts\SpineboyFootplanter.cs(30,25): warning CS0649: Field 'SpineboyFootplanter.nearFoot' is never assigned to, and will always have its default value null
23: Assets\Scripts\Manager\GameManager.cs(13,27): warning CS0414: The field 'GameManager.XMLName' is assigned but its value is never used
24: Assets\Scripts\Manager\GameManager.cs(38,19): warning CS0414: The field 'GameManager.cameraDistance' is assigned but its value is never used
25: Assets\Scripts\uMeng\Analytics.cs(25,15): warning CS0414: The field 'Analytics.hasInit' is assigned but its value is never used
26: Assets\Scripts\Data\DataController.cs(15,27): warning CS0414: The field 'DataController.XMLName' is assigned but its value is never used
********************************************************************************
*                       Monday, June 04, 2018 5:41:40 PM                       *
********************************************************************************
CSharpCompilerWrapper.exe version: 2.0.3.30
Platform: Windows
Target assembly: Assembly-CSharp.dll
Project directory: E:\GitProject\Unity5.6.1p4\SeaFight
Target profile directory: D:\Unity5.6.1\Unity\Editor\Data\Mono\lib\mono\unity
Unity 'Data' or 'Frameworks' directory: D:/Unity5.6.1/Unity/Editor/Data
Compiler: Microsoft C# 6.0

- Compilation -----------------------------------------------

Process: E:\GitProject\Unity5.6.1p4\SeaFight\CSharp60Support\Roslyn\csc.exe
Arguments: -nostdlib+ -noconfig -nologo -r:"D:\Unity5.6.1\Unity\Editor\Data\Mono\lib\mono\unity\mscorlib.dll" -r:"D:\Unity5.6.1\Unity\Editor\Data\Mono\lib\mono\unity\System.dll" -r:"D:\Unity5.6.1\Unity\Editor\Data\Mono\lib\mono\unity\System.Core.dll" -r:"D:\Unity5.6.1\Unity\Editor\Data\Mono\lib\mono\unity\System.Xml.dll" @Temp/UnityTempFile-ec30924c6d9d65845b783d28abcb6c4c 
Exit code: 1
Elapsed time: 2.56 sec

- Compiler output (0 lines):

- Compiler errors (28 lines):
0: Assets\EasyTouchBundle\EasyTouch\Examples\4.X\LoadExamples.cs(9,3): warning CS0618: 'Application.LoadLevel(string)' is obsolete: 'Use SceneManager.LoadScene'
1: Assets\EasyTouchBundle\EasyTouchControls\Examples\Version 1.X\LoadLevelScript.cs(13,3): warning CS0618: 'Application.LoadLevel(string)' is obsolete: 'Use SceneManager.LoadScene'
2: Assets\EasyTouchBundle\EasyTouchControls\Examples\Version 1.X\LoadLevelScript.cs(21,3): warning CS0618: 'Application.LoadLevel(string)' is obsolete: 'Use SceneManager.LoadScene'
3: Assets\EasyTouchBundle\EasyTouchControls\Examples\Version 1.X\LoadLevelScript.cs(29,3): warning CS0618: 'Application.LoadLevel(string)' is obsolete: 'Use SceneManager.LoadScene'
4: Assets\EasyTouchBundle\EasyTouchControls\Examples\Version 1.X\LoadLevelScript.cs(37,3): warning CS0618: 'Application.LoadLevel(string)' is obsolete: 'Use SceneManager.LoadScene'
5: Assets\EasyTouchBundle\EasyTouchControls\Examples\Version 1.X\LoadLevelScript.cs(45,3): warning CS0618: 'Application.LoadLevel(string)' is obsolete: 'Use SceneManager.LoadScene'
6: Assets\EasyTouchBundle\EasyTouchControls\Examples\Version 1.X\LoadLevelScript.cs(53,3): warning CS0618: 'Application.LoadLevel(string)' is obsolete: 'Use SceneManager.LoadScene'
7: Assets\EasyTouchBundle\EasyTouchControls\Examples\Version 1.X\LoadLevelScript.cs(61,3): warning CS0618: 'Application.LoadLevel(string)' is obsolete: 'Use SceneManager.LoadScene'
8: Assets\EasyTouchBundle\EasyTouchControls\Examples\Version 1.X\LoadLevelScript.cs(69,3): warning CS0618: 'Application.LoadLevel(string)' is obsolete: 'Use SceneManager.LoadScene'
9: Assets\EasyTouchBundle\EasyTouchControls\Examples\Version 1.X\LoadLevelScript.cs(77,3): warning CS0618: 'Application.LoadLevel(string)' is obsolete: 'Use SceneManager.LoadScene'
10: Assets\EasyTouchBundle\EasyTouchControls\Examples\Version 1.X\LoadLevelScript.cs(85,3): warning CS0618: 'Application.LoadLevel(string)' is obsolete: 'Use SceneManager.LoadScene'
11: Assets\Scripts\Bullet\BulletGroup_1.cs(30,55): error CS1061: 'BGInfo2' does not contain a definition for 'delaySpan' and no extension method 'delaySpan' accepting a first argument of type 'BGInfo2' could be found (are you missing a using directive or an assembly reference?)
12: Assets\Scripts\Bullet\BulletGroup_2.cs(29,55): error CS1061: 'BGInfo2' does not contain a definition for 'delaySpan' and no extension method 'delaySpan' accepting a first argument of type 'BGInfo2' could be found (are you missing a using directive or an assembly reference?)
13: Assets\Scripts\Manager\GameManager.cs(337,9): warning CS0162: Unreachable code detected
14: Assets\Ceto\Scripts\Reflections\PlanarReflection.cs(270,100): warning CS0618: 'Camera.hdr' is obsolete: 'use Camera.allowHDR instead.'
15: Assets\Ceto\Scripts\Reflections\PlanarReflection.cs(288,100): warning CS0618: 'Camera.hdr' is obsolete: 'use Camera.allowHDR instead.'
16: Assets\Ceto\Scripts\Reflections\PlanarReflection.cs(346,14): warning CS0618: 'Camera.hdr' is obsolete: 'use Camera.allowHDR instead.'
17: Assets\Ceto\Scripts\Reflections\PlanarReflection.cs(346,29): warning CS0618: 'Camera.hdr' is obsolete: 'use Camera.allowHDR instead.'
18: Assets\Ceto\Scripts\Common\Unity\RTUtility.cs(269,18): warning CS0618: 'SystemInfo.supportsRenderTextures' is obsolete: 'supportsRenderTextures always returns true, no need to call it'
19: Assets\Ceto\Scripts\Common\Unity\RTUtility.cs(293,18): warning CS0618: 'SystemInfo.supportsRenderTextures' is obsolete: 'supportsRenderTextures always returns true, no need to call it'
20: Assets\Spine Examples\Scripts\SpineboyFootplanter.cs(30,25): warning CS0649: Field 'SpineboyFootplanter.nearFoot' is never assigned to, and will always have its default value null
21: Assets\Spine Examples\Scripts\SpineboyFootplanter.cs(30,35): warning CS0649: Field 'SpineboyFootplanter.farFoot' is never assigned to, and will always have its default value null
22: Assets\Scripts\Tool\LoopMove.cs(12,13): warning CS0649: Field 'LoopMove.tw' is never assigned to, and will always have its default value null
23: Assets\Spine\spine-csharp\Slot.cs(39,17): warning CS0649: Field 'Slot.hasSecondColor' is never assigned to, and will always have its default value false
24: Assets\Scripts\Manager\GameManager.cs(38,19): warning CS0414: The field 'GameManager.cameraDistance' is assigned but its value is never used
25: Assets\Scripts\Manager\GameManager.cs(13,27): warning CS0414: The field 'GameManager.XMLName' is assigned but its value is never used
26: Assets\Scripts\Data\DataController.cs(15,27): warning CS0414: The field 'DataController.XMLName' is assigned but its value is never used
27: Assets\Scripts\uMeng\Analytics.cs(25,15): warning CS0414: The field 'Analytics.hasInit' is assigned but its value is never used
********************************************************************************
*                       Monday, June 04, 2018 5:41:53 PM                       *
********************************************************************************
CSharpCompilerWrapper.exe version: 2.0.3.30
Platform: Windows
Target assembly: Assembly-CSharp.dll
Project directory: E:\GitProject\Unity5.6.1p4\SeaFight
Target profile directory: D:\Unity5.6.1\Unity\Editor\Data\Mono\lib\mono\unity
Unity 'Data' or 'Frameworks' directory: D:/Unity5.6.1/Unity/Editor/Data
Compiler: Microsoft C# 6.0

- Compilation -----------------------------------------------

Process: E:\GitProject\Unity5.6.1p4\SeaFight\CSharp60Support\Roslyn\csc.exe
Arguments: -nostdlib+ -noconfig -nologo -r:"D:\Unity5.6.1\Unity\Editor\Data\Mono\lib\mono\unity\mscorlib.dll" -r:"D:\Unity5.6.1\Unity\Editor\Data\Mono\lib\mono\unity\System.dll" -r:"D:\Unity5.6.1\Unity\Editor\Data\Mono\lib\mono\unity\System.Core.dll" -r:"D:\Unity5.6.1\Unity\Editor\Data\Mono\lib\mono\unity\System.Xml.dll" @Temp/UnityTempFile-49f706d87d2e1be4eae09b4be7a24f92 
Exit code: 0
Elapsed time: 5.87 sec

- Compiler output (0 lines):

- Compiler errors (26 lines):
0: Assets\EasyTouchBundle\EasyTouch\Examples\4.X\LoadExamples.cs(9,3): warning CS0618: 'Application.LoadLevel(string)' is obsolete: 'Use SceneManager.LoadScene'
1: Assets\EasyTouchBundle\EasyTouchControls\Examples\Version 1.X\LoadLevelScript.cs(13,3): warning CS0618: 'Application.LoadLevel(string)' is obsolete: 'Use SceneManager.LoadScene'
2: Assets\EasyTouchBundle\EasyTouchControls\Examples\Version 1.X\LoadLevelScript.cs(21,3): warning CS0618: 'Application.LoadLevel(string)' is obsolete: 'Use SceneManager.LoadScene'
3: Assets\EasyTouchBundle\EasyTouchControls\Examples\Version 1.X\LoadLevelScript.cs(29,3): warning CS0618: 'Application.LoadLevel(string)' is obsolete: 'Use SceneManager.LoadScene'
4: Assets\EasyTouchBundle\EasyTouchControls\Examples\Version 1.X\LoadLevelScript.cs(37,3): warning CS0618: 'Application.LoadLevel(string)' is obsolete: 'Use SceneManager.LoadScene'
5: Assets\EasyTouchBundle\EasyTouchControls\Examples\Version 1.X\LoadLevelScript.cs(45,3): warning CS0618: 'Application.LoadLevel(string)' is obsolete: 'Use SceneManager.LoadScene'
6: Assets\EasyTouchBundle\EasyTouchControls\Examples\Version 1.X\LoadLevelScript.cs(53,3): warning CS0618: 'Application.LoadLevel(string)' is obsolete: 'Use SceneManager.LoadScene'
7: Assets\EasyTouchBundle\EasyTouchControls\Examples\Version 1.X\LoadLevelScript.cs(61,3): warning CS0618: 'Application.LoadLevel(string)' is obsolete: 'Use SceneManager.LoadScene'
8: Assets\EasyTouchBundle\EasyTouchControls\Examples\Version 1.X\LoadLevelScript.cs(69,3): warning CS0618: 'Application.LoadLevel(string)' is obsolete: 'Use SceneManager.LoadScene'
9: Assets\EasyTouchBundle\EasyTouchControls\Examples\Version 1.X\LoadLevelScript.cs(77,3): warning CS0618: 'Application.LoadLevel(string)' is obsolete: 'Use SceneManager.LoadScene'
10: Assets\EasyTouchBundle\EasyTouchControls\Examples\Version 1.X\LoadLevelScript.cs(85,3): warning CS0618: 'Application.LoadLevel(string)' is obsolete: 'Use SceneManager.LoadScene'
11: Assets\Scripts\Manager\GameManager.cs(337,9): warning CS0162: Unreachable code detected
12: Assets\Ceto\Scripts\Reflections\PlanarReflection.cs(270,100): warning CS0618: 'Camera.hdr' is obsolete: 'use Camera.allowHDR instead.'
13: Assets\Ceto\Scripts\Reflections\PlanarReflection.cs(288,100): warning CS0618: 'Camera.hdr' is obsolete: 'use Camera.allowHDR instead.'
14: Assets\Ceto\Scripts\Reflections\PlanarReflection.cs(346,14): warning CS0618: 'Camera.hdr' is obsolete: 'use Camera.allowHDR instead.'
15: Assets\Ceto\Scripts\Reflections\PlanarReflection.cs(346,29): warning CS0618: 'Camera.hdr' is obsolete: 'use Camera.allowHDR instead.'
16: Assets\Ceto\Scripts\Common\Unity\RTUtility.cs(269,18): warning CS0618: 'SystemInfo.supportsRenderTextures' is obsolete: 'supportsRenderTextures always returns true, no need to call it'
17: Assets\Ceto\Scripts\Common\Unity\RTUtility.cs(293,18): warning CS0618: 'SystemInfo.supportsRenderTextures' is obsolete: 'supportsRenderTextures always returns true, no need to call it'
18: Assets\Spine\spine-csharp\Slot.cs(39,17): warning CS0649: Field 'Slot.hasSecondColor' is never assigned to, and will always have its default value false
19: Assets\Spine Examples\Scripts\SpineboyFootplanter.cs(30,35): warning CS0649: Field 'SpineboyFootplanter.farFoot' is never assigned to, and will always have its default value null
20: Assets\Scripts\Tool\LoopMove.cs(12,13): warning CS0649: Field 'LoopMove.tw' is never assigned to, and will always have its default value null
21: Assets\Spine Examples\Scripts\SpineboyFootplanter.cs(30,25): warning CS0649: Field 'SpineboyFootplanter.nearFoot' is never assigned to, and will always have its default value null
22: Assets\Scripts\Manager\GameManager.cs(13,27): warning CS0414: The field 'GameManager.XMLName' is assigned but its value is never used
23: Assets\Scripts\uMeng\Analytics.cs(25,15): warning CS0414: The field 'Analytics.hasInit' is assigned but its value is never used
24: Assets\Scripts\Manager\GameManager.cs(38,19): warning CS0414: The field 'GameManager.cameraDistance' is assigned but its value is never used
25: Assets\Scripts\Data\DataController.cs(15,27): warning CS0414: The field 'DataController.XMLName' is assigned but its value is never used

- PDB to MDB conversion --------------------------------------

Process: E:\GitProject\Unity5.6.1p4\SeaFight\CSharp60Support\Roslyn\pdb2mdb.exe
Arguments: Temp\Assembly-CSharp.dll
Exit code: 0
Elapsed time: 0.29 sec

- pdb2mdb.exe output (0 lines):
********************************************************************************
*                       Monday, June 04, 2018 5:42:01 PM                       *
********************************************************************************
CSharpCompilerWrapper.exe version: 2.0.3.30
Platform: Windows
Target assembly: Assembly-CSharp-Editor.dll
Project directory: E:\GitProject\Unity5.6.1p4\SeaFight
Target profile directory: D:\Unity5.6.1\Unity\Editor\Data\MonoBleedingEdge\lib\mono\2.0-api
Unity 'Data' or 'Frameworks' directory: D:/Unity5.6.1/Unity/Editor/Data
Compiler: Microsoft C# 6.0

- Compilation -----------------------------------------------

Process: E:\GitProject\Unity5.6.1p4\SeaFight\CSharp60Support\Roslyn\csc.exe
Arguments: -nostdlib+ -noconfig -nologo -r:"D:\Unity5.6.1\Unity\Editor\Data\MonoBleedingEdge\lib\mono\2.0-api\mscorlib.dll" -r:"D:\Unity5.6.1\Unity\Editor\Data\MonoBleedingEdge\lib\mono\2.0-api\System.dll" -r:"D:\Unity5.6.1\Unity\Editor\Data\MonoBleedingEdge\lib\mono\2.0-api\System.Core.dll" -r:"D:\Unity5.6.1\Unity\Editor\Data\MonoBleedingEdge\lib\mono\2.0-api\System.Xml.dll" @Temp/UnityTempFile-f6ccc462c88801c4a8ab4bc7e85d4f44 
Exit code: 0
Elapsed time: 3.53 sec

- Compiler output (0 lines):

- Compiler errors (13 lines):
0: Assets\EasyTouchBundle\EasyTouchControls\Plugins\Editor\ETCMenu.cs(149,43): warning CS0618: 'TouchInputModule' is obsolete: 'TouchInputModule is no longer required as Touch input is now handled in StandaloneInputModule.'
1: Assets\EasyTouchBundle\EasyTouchControls\Plugins\Editor\ETCMenu.cs(150,4): warning CS0618: 'TouchInputModule' is obsolete: 'TouchInputModule is no longer required as Touch input is now handled in StandaloneInputModule.'
2: Assets\EasyTouchBundle\EasyTouchControls\Plugins\Editor\ETCMenu.cs(150,79): warning CS0618: 'TouchInputModule' is obsolete: 'TouchInputModule is no longer required as Touch input is now handled in StandaloneInputModule.'
3: Assets\EasyTouchBundle\EasyTouchControls\Plugins\Editor\ETCMenu.cs(150,27): warning CS0618: 'TouchInputModule' is obsolete: 'TouchInputModule is no longer required as Touch input is now handled in StandaloneInputModule.'
4: Assets\EasyTouchBundle\EasyTouchControls\Plugins\Editor\ETCMenu.cs(164,60): warning CS0618: 'TouchInputModule' is obsolete: 'TouchInputModule is no longer required as Touch input is now handled in StandaloneInputModule.'
5: Assets\BuildReport\Scripts\Editor\Utility\BRT_Util.cs(121,9): warning CS0618: 'BuildTarget.XBOX360' is obsolete: 'XBOX360 has been removed in 5.5'
6: Assets\BuildReport\Scripts\Editor\Utility\BRT_Util.cs(124,9): warning CS0618: 'BuildTarget.PS3' is obsolete: 'PS3 has been removed in >=5.5'
7: Assets\BuildReport\Scripts\Editor\ReportGeneration\BRT_UnityBuildSettingsUtility.cs(309,49): warning CS0618: 'PlayerSettings.apiCompatibilityLevel' is obsolete: 'apiCompatibilityLevel is deprecated. Use PlayerSettings.GetApiCompatibilityLevel()/PlayerSettings.SetApiCompatibilityLevel() instead.'
8: Assets\BuildReport\Scripts\Editor\ReportGeneration\BRT_UnityBuildSettingsUtility.cs(322,42): warning CS0618: 'PlayerSettings.renderingPath' is obsolete: 'renderingPath is ignored, use UnityEditor.Rendering.TierSettings with UnityEditor.Rendering.SetTierSettings/GetTierSettings instead'
9: Assets\BuildReport\Scripts\Editor\ReportGeneration\BRT_UnityBuildSettingsUtility.cs(495,43): warning CS0618: 'PlayerSettings.iOS.targetOSVersion' is obsolete: 'targetOSVersion is obsolete, use targetOSVersionString'
10: Assets\BuildReport\Scripts\Editor\ReportGeneration\BRT_UnityBuildSettingsUtility.cs(777,31): warning CS0618: 'PlayerSettings.XboxOne.SandboxId' is obsolete: 'SandboxId is obsolete please remove'
11: Assets\BuildReport\Scripts\Editor\ReportGeneration\BRT_UnityBuildSettingsUtility.cs(819,36): warning CS0618: 'PlayerSettings.PS4.videoOutResolution' is obsolete: 'videoOutResolution is deprecated. Use PlayerSettings.PS4.videoOutInitialWidth and PlayerSettings.PS4.videoOutReprojectionRate to control initial display resolution and reprojection rate.'
12: Assets\BuildReport\Scripts\Editor\ReportGeneration\BRT_ReportGenerator.cs(198,25): warning CS0618: 'PlayerSettings.apiCompatibilityLevel' is obsolete: 'apiCompatibilityLevel is deprecated. Use PlayerSettings.GetApiCompatibilityLevel()/PlayerSettings.SetApiCompatibilityLevel() instead.'

- PDB to MDB conversion --------------------------------------

Process: E:\GitProject\Unity5.6.1p4\SeaFight\CSharp60Support\Roslyn\pdb2mdb.exe
Arguments: Temp\Assembly-CSharp-Editor.dll
Exit code: 0
Elapsed time: 0.15 sec

- pdb2mdb.exe output (0 lines):
